[debug] [2022-04-28T17:47:35.410Z] ----------------------------------------------------------------------
[debug] [2022-04-28T17:47:35.411Z] Command:       C:\Program Files\nodejs\node.exe C:\Users\kleit\AppData\Roaming\npm\node_modules\firebase-tools\lib\bin\firebase.js init hosting:github
[debug] [2022-04-28T17:47:35.412Z] CLI Version:   10.7.1
[debug] [2022-04-28T17:47:35.412Z] Platform:      win32
[debug] [2022-04-28T17:47:35.412Z] Node Version:  v16.15.0
[debug] [2022-04-28T17:47:35.412Z] Time:          Thu Apr 28 2022 14:47:35 GMT-0300 (Horário Padrão de Brasília)
[debug] [2022-04-28T17:47:35.412Z] ----------------------------------------------------------------------
[debug] 
[debug] [2022-04-28T17:47:35.459Z] > command requires scopes: ["email","openid","https://www.googleapis.com/auth/cloudplatformprojects.readonly","https://www.googleapis.com/auth/firebase","https://www.googleapis.com/auth/cloud-platform"]
[debug] [2022-04-28T17:47:35.460Z] > authorizing via signed-in user (ozkberguinho@gmail.com)
[info] 
     ######## #### ########  ######## ########     ###     ######  ########
     ##        ##  ##     ## ##       ##     ##  ##   ##  ##       ##
     ######    ##  ########  ######   ########  #########  ######  ######
     ##        ##  ##    ##  ##       ##     ## ##     ##       ## ##
     ##       #### ##     ## ######## ########  ##     ##  ######  ########

You're about to initialize a Firebase project in this directory:

  C:\Users\kleit\Documents\Estudos\kabehlinks

Before we get started, keep in mind:

  * You are initializing within an existing Firebase project directory

[info] 
=== Project Setup
[info] 
[info] First, let's associate this project directory with a Firebase project.
[info] You can create multiple project aliases by running firebase use --add, 
[info] but for now we'll just set up a default project.
[info] 
[debug] [2022-04-28T17:47:41.876Z] Using project from CLI flag: kabehlinks-ce520
[debug] [2022-04-28T17:47:41.878Z] >>> [apiv2][query] GET https://firebase.googleapis.com/v1beta1/projects/kabehlinks-ce520 [none]
[debug] [2022-04-28T17:47:42.344Z] <<< [apiv2][status] GET https://firebase.googleapis.com/v1beta1/projects/kabehlinks-ce520 200
[debug] [2022-04-28T17:47:42.344Z] <<< [apiv2][body] GET https://firebase.googleapis.com/v1beta1/projects/kabehlinks-ce520 {"projectId":"kabehlinks-ce520","projectNumber":"916714236598","displayName":"kabehlinks","name":"projects/kabehlinks-ce520","resources":{"hostingSite":"kabehlinks-ce520"},"state":"ACTIVE"}
[info] i  Using project kabehlinks-ce520 (kabehlinks) 
[info] 
=== Hosting:github Setup
[info] 
[info] i  Detected a .git folder at C:\Users\kleit\Documents\Estudos\kabehlinks 
[info] i  Authorizing with GitHub to upload your service account to a GitHub repository's secrets store. 
[info] 
[info] Visit this URL on this device to log in:
[info] https://github.com/login/oauth/authorize?client_id=89cf50f02ac6aaed3484&state=579642841&redirect_uri=http%3A%2F%2Flocalhost%3A9005&scope=read%3Auser%20repo%20public_repo
[info] 
[info] Waiting for authentication...
[debug] [2022-04-28T17:47:52.996Z] >>> HTTP REQUEST POST https://github.com/login/oauth/access_token  
 {"client_id":"89cf50f02ac6aaed3484","client_secret":"3330d14abc895d9a74d5f17cd7a00711fa2c5bf0","code":"7b5e6393776371e68bb2","redirect_uri":"http://localhost:9005","state":"579642841"}
[debug] [2022-04-28T17:47:53.458Z] <<< HTTP RESPONSE 200 {"server":"GitHub.com","date":"Thu, 28 Apr 2022 17:48:12 GMT","content-type":"application/json; charset=utf-8","transfer-encoding":"chunked","vary":"X-PJAX, X-PJAX-Container, Accept-Encoding, Accept, X-Requested-With","permissions-policy":"interest-cohort=()","etag":"W/\"65ec99bb81875be2dc063e46b024d1f4\"","cache-control":"max-age=0, private, must-revalidate","strict-transport-security":"max-age=31536000; includeSubdomains; preload","x-frame-options":"deny","x-content-type-options":"nosniff","x-xss-protection":"0","referrer-policy":"origin-when-cross-origin, strict-origin-when-cross-origin","expect-ct":"max-age=2592000, report-uri=\"https://api.github.com/_private/browser/errors\"","content-security-policy":"default-src 'none'; base-uri 'self'; block-all-mixed-content; child-src github.com/assets-cdn/worker/ gist.github.com/assets-cdn/worker/; connect-src 'self' uploads.github.com objects-origin.githubusercontent.com www.githubstatus.com collector.github.com raw.githubusercontent.com api.github.com github-cloud.s3.amazonaws.com github-production-repository-file-5c1aeb.s3.amazonaws.com github-production-upload-manifest-file-7fdce7.s3.amazonaws.com github-production-user-asset-6210df.s3.amazonaws.com cdn.optimizely.com logx.optimizely.com/v1/events translator.github.com *.actions.githubusercontent.com wss://*.actions.githubusercontent.com online.visualstudio.com/api/v1/locations github-production-repository-image-32fea6.s3.amazonaws.com github-production-release-asset-2e65be.s3.amazonaws.com insights.github.com wss://alive.github.com; font-src github.githubassets.com; form-action 'self' github.com gist.github.com objects-origin.githubusercontent.com; frame-ancestors 'none'; frame-src render.githubusercontent.com viewscreen.githubusercontent.com notebooks.githubusercontent.com; img-src 'self' data: github.githubassets.com identicons.github.com github-cloud.s3.amazonaws.com secured-user-images.githubusercontent.com/ *.githubusercontent.com; manifest-src 'self'; media-src github.com user-images.githubusercontent.com/; script-src github.githubassets.com; style-src 'unsafe-inline' github.githubassets.com; worker-src github.com/assets-cdn/worker/ gist.github.com/assets-cdn/worker/","x-github-request-id":"83EE:359C:18B1A:268A2:626AD35C"}
[debug] [2022-04-28T17:47:53.473Z] >>> [apiv2][query] GET https://api.github.com/user [none]
[debug] [2022-04-28T17:47:53.862Z] <<< [apiv2][status] GET https://api.github.com/user 200
[debug] [2022-04-28T17:47:53.862Z] <<< [apiv2][body] GET https://api.github.com/user {"login":"Kleitomberg","id":51670381,"node_id":"MDQ6VXNlcjUxNjcwMzgx","avatar_url":"https://avatars.githubusercontent.com/u/51670381?v=4","gravatar_id":"","url":"https://api.github.com/users/Kleitomberg","html_url":"https://github.com/Kleitomberg","followers_url":"https://api.github.com/users/Kleitomberg/followers","following_url":"https://api.github.com/users/Kleitomberg/following{/other_user}","gists_url":"https://api.github.com/users/Kleitomberg/gists{/gist_id}","starred_url":"https://api.github.com/users/Kleitomberg/starred{/owner}{/repo}","subscriptions_url":"https://api.github.com/users/Kleitomberg/subscriptions","organizations_url":"https://api.github.com/users/Kleitomberg/orgs","repos_url":"https://api.github.com/users/Kleitomberg/repos","events_url":"https://api.github.com/users/Kleitomberg/events{/privacy}","received_events_url":"https://api.github.com/users/Kleitomberg/received_events","type":"User","site_admin":false,"name":"Kleitomberg","company":null,"blog":"https://kabeh-links.web.app","location":null,"email":null,"hireable":null,"bio":"Granduando em Gestão da Tecnologia da Informação\r\nInstagram: @Kleitomberg\r\nEmail: kleitomberg.tech@gmail.com\r\n","twitter_username":null,"public_repos":25,"public_gists":0,"followers":12,"following":7,"created_at":"2019-06-10T15:51:03Z","updated_at":"2022-04-28T17:48:11Z","private_gists":3,"total_private_repos":7,"owned_private_repos":7,"disk_usage":105011,"collaborators":5,"two_factor_authentication":false,"plan":{"name":"free","space":976562499,"collaborators":0,"private_repos":10000}}
[info] 
[info] +  Success! Logged into GitHub as Kleitomberg 
[info] 
